This is pdfTeX, Version 3.14159265-2.6-1.40.15 (MiKTeX 2.9 64-bit) (preloaded format=pdflatex 2015.3.24)  21 SEP 2015 09:51
entering extended mode
**"D:/Users/LATEX/MATH 609/pa1.tex"
("D:/Users/LATEX/MATH 609/pa1.tex"
LaTeX2e <2014/05/01>
Babel <3.9l> and hyphenation patterns for 68 languages loaded.
("C:\Program Files\MiKTeX 2.9\tex\latex\base\article.cls"
Document Class: article 2014/09/29 v1.4h Standard LaTeX document class
("C:\Program Files\MiKTeX 2.9\tex\latex\base\size11.clo"
File: size11.clo 2014/09/29 v1.4h Standard LaTeX file (size option)
)
\c@part=\count79
\c@section=\count80
\c@subsection=\count81
\c@subsubsection=\count82
\c@paragraph=\count83
\c@subparagraph=\count84
\c@figure=\count85
\c@table=\count86
\abovecaptionskip=\skip41
\belowcaptionskip=\skip42
\bibindent=\dimen102
)
("C:\Program Files\MiKTeX 2.9\tex\latex\graphics\graphicx.sty"
Package: graphicx 2014/10/28 v1.0g Enhanced LaTeX Graphics (DPC,SPQR)

("C:\Program Files\MiKTeX 2.9\tex\latex\graphics\keyval.sty"
Package: keyval 2014/10/28 v1.15 key=value parser (DPC)
\KV@toks@=\toks14
)
("C:\Program Files\MiKTeX 2.9\tex\latex\graphics\graphics.sty"
Package: graphics 2014/10/28 v1.0p Standard LaTeX Graphics (DPC,SPQR)

("C:\Program Files\MiKTeX 2.9\tex\latex\graphics\trig.sty"
Package: trig 1999/03/16 v1.09 sin cos tan (DPC)
)
("C:\Program Files\MiKTeX 2.9\tex\latex\00miktex\graphics.cfg"
File: graphics.cfg 2007/01/18 v1.5 graphics configuration of teTeX/TeXLive
)
Package graphics Info: Driver file: pdftex.def on input line 91.

("C:\Program Files\MiKTeX 2.9\tex\latex\pdftex-def\pdftex.def"
File: pdftex.def 2011/05/27 v0.06d Graphics/color for pdfTeX

("C:\Program Files\MiKTeX 2.9\tex\generic\oberdiek\infwarerr.sty"
Package: infwarerr 2010/04/08 v1.3 Providing info/warning/error messages (HO)
)
("C:\Program Files\MiKTeX 2.9\tex\generic\oberdiek\ltxcmds.sty"
Package: ltxcmds 2011/11/09 v1.22 LaTeX kernel commands for general use (HO)
)
\Gread@gobject=\count87
))
\Gin@req@height=\dimen103
\Gin@req@width=\dimen104
)
("C:\Program Files\MiKTeX 2.9\tex\latex\oberdiek\epstopdf.sty"
Package: epstopdf 2010/02/09 v2.5 Conversion with epstopdf on the fly (HO)

("C:\Program Files\MiKTeX 2.9\tex\latex\oberdiek\epstopdf-base.sty"
Package: epstopdf-base 2010/02/09 v2.5 Base part for package epstopdf

("C:\Program Files\MiKTeX 2.9\tex\latex\oberdiek\grfext.sty"
Package: grfext 2010/08/19 v1.1 Manage graphics extensions (HO)

("C:\Program Files\MiKTeX 2.9\tex\generic\oberdiek\kvdefinekeys.sty"
Package: kvdefinekeys 2011/04/07 v1.3 Define keys (HO)
))
("C:\Program Files\MiKTeX 2.9\tex\latex\oberdiek\kvoptions.sty"
Package: kvoptions 2011/06/30 v3.11 Key value format for package options (HO)

("C:\Program Files\MiKTeX 2.9\tex\generic\oberdiek\kvsetkeys.sty"
Package: kvsetkeys 2012/04/25 v1.16 Key value parser (HO)

("C:\Program Files\MiKTeX 2.9\tex\generic\oberdiek\etexcmds.sty"
Package: etexcmds 2011/02/16 v1.5 Avoid name clashes with e-TeX commands (HO)

("C:\Program Files\MiKTeX 2.9\tex\generic\oberdiek\ifluatex.sty"
Package: ifluatex 2010/03/01 v1.3 Provides the ifluatex switch (HO)
Package ifluatex Info: LuaTeX not detected.
)
Package etexcmds Info: Could not find \expanded.
(etexcmds)             That can mean that you are not using pdfTeX 1.50 or
(etexcmds)             that some package has redefined \expanded.
(etexcmds)             In the latter case, load this package earlier.
)))
("C:\Program Files\MiKTeX 2.9\tex\generic\oberdiek\pdftexcmds.sty"
Package: pdftexcmds 2011/11/29 v0.20 Utility functions of pdfTeX for LuaTeX (HO
)

("C:\Program Files\MiKTeX 2.9\tex\generic\oberdiek\ifpdf.sty"
Package: ifpdf 2011/01/30 v2.3 Provides the ifpdf switch (HO)
Package ifpdf Info: pdfTeX in PDF mode is detected.
)
Package pdftexcmds Info: LuaTeX not detected.
Package pdftexcmds Info: \pdf@primitive is available.
Package pdftexcmds Info: \pdf@ifprimitive is available.
Package pdftexcmds Info: \pdfdraftmode found.
)
Package grfext Info: Graphics extension search list:
(grfext)             [.png,.pdf,.jpg,.mps,.jpeg,.jbig2,.jb2,.PNG,.PDF,.JPG,.JPE
G,.JBIG2,.JB2,.eps]
(grfext)             \AppendGraphicsExtensions on input line 452.
)) (pa1.aux)
LaTeX Font Info:    Checking defaults for OML/cmm/m/it on input line 12.
LaTeX Font Info:    ... okay on input line 12.
LaTeX Font Info:    Checking defaults for T1/cmr/m/n on input line 12.
LaTeX Font Info:    ... okay on input line 12.
LaTeX Font Info:    Checking defaults for OT1/cmr/m/n on input line 12.
LaTeX Font Info:    ... okay on input line 12.
LaTeX Font Info:    Checking defaults for OMS/cmsy/m/n on input line 12.
LaTeX Font Info:    ... okay on input line 12.
LaTeX Font Info:    Checking defaults for OMX/cmex/m/n on input line 12.
LaTeX Font Info:    ... okay on input line 12.
LaTeX Font Info:    Checking defaults for U/cmr/m/n on input line 12.
LaTeX Font Info:    ... okay on input line 12.

("C:\Program Files\MiKTeX 2.9\tex\context\base\supp-pdf.mkii"
[Loading MPS to PDF converter (version 2006.09.02).]
\scratchcounter=\count88
\scratchdimen=\dimen105
\scratchbox=\box26
\nofMPsegments=\count89
\nofMParguments=\count90
\everyMPshowfont=\toks15
\MPscratchCnt=\count91
\MPscratchDim=\dimen106
\MPnumerator=\count92
\makeMPintoPDFobject=\count93
\everyMPtoPDFconversion=\toks16
) [1

{C:/ProgramData/MiKTeX/2.9/pdftex/config/pdftex.map}] [1]
Package epstopdf Info: Source file: <math609_pa1_comp_example_1_n_19.eps>
(epstopdf)                    date: 2015-09-16 10:54:46
(epstopdf)                    size: 187299 bytes
(epstopdf)             Output file: <math609_pa1_comp_example_1_n_19-eps-conver
ted-to.pdf>
(epstopdf)                    date: 2015-09-16 11:16:10
(epstopdf)                    size: 7849 bytes
(epstopdf)             Command: <epstopdf --outfile=math609_pa1_comp_example_1_
n_19-eps-converted-to.pdf math609_pa1_comp_example_1_n_19.eps>
(epstopdf)             \includegraphics on input line 65.
Package epstopdf Info: Output file is already uptodate.

<math609_pa1_comp_example_1_n_19-eps-converted-to.pdf, id=13, 488.82625pt x 400
.49625pt>
File: math609_pa1_comp_example_1_n_19-eps-converted-to.pdf Graphic file (type p
df)
 <use math609_pa1_comp_example_1_n_19-eps-converted-to.pdf>
Package pdftex.def Info: math609_pa1_comp_example_1_n_19-eps-converted-to.pdf u
sed on input line 65.
(pdftex.def)             Requested size: 289.07999pt x 236.84685pt.
Package epstopdf Info: Source file: <math609_pa1_comp_example_1_n_39.eps>
(epstopdf)                    date: 2015-09-16 10:54:50
(epstopdf)                    size: 192592 bytes
(epstopdf)             Output file: <math609_pa1_comp_example_1_n_39-eps-conver
ted-to.pdf>
(epstopdf)                    date: 2015-09-16 11:20:09
(epstopdf)                    size: 9157 bytes
(epstopdf)             Command: <epstopdf --outfile=math609_pa1_comp_example_1_
n_39-eps-converted-to.pdf math609_pa1_comp_example_1_n_39.eps>
(epstopdf)             \includegraphics on input line 72.
Package epstopdf Info: Output file is already uptodate.

<math609_pa1_comp_example_1_n_39-eps-converted-to.pdf, id=14, 488.82625pt x 400
.49625pt>
File: math609_pa1_comp_example_1_n_39-eps-converted-to.pdf Graphic file (type p
df)
 <use math609_pa1_comp_example_1_n_39-eps-converted-to.pdf>
Package pdftex.def Info: math609_pa1_comp_example_1_n_39-eps-converted-to.pdf u
sed on input line 72.
(pdftex.def)             Requested size: 289.07999pt x 236.84685pt.
Package epstopdf Info: Source file: <math609_pa1_comp_example_1_n_79.eps>
(epstopdf)                    date: 2015-09-16 10:54:54
(epstopdf)                    size: 204391 bytes
(epstopdf)             Output file: <math609_pa1_comp_example_1_n_79-eps-conver
ted-to.pdf>
(epstopdf)                    date: 2015-09-16 11:20:09
(epstopdf)                    size: 11642 bytes
(epstopdf)             Command: <epstopdf --outfile=math609_pa1_comp_example_1_
n_79-eps-converted-to.pdf math609_pa1_comp_example_1_n_79.eps>
(epstopdf)             \includegraphics on input line 79.
Package epstopdf Info: Output file is already uptodate.

<math609_pa1_comp_example_1_n_79-eps-converted-to.pdf, id=15, 488.82625pt x 400
.49625pt>
File: math609_pa1_comp_example_1_n_79-eps-converted-to.pdf Graphic file (type p
df)
 <use math609_pa1_comp_example_1_n_79-eps-converted-to.pdf>
Package pdftex.def Info: math609_pa1_comp_example_1_n_79-eps-converted-to.pdf u
sed on input line 79.
(pdftex.def)             Requested size: 289.07999pt x 236.84685pt.
Package epstopdf Info: Source file: <math609_pa1_comp_example_1_n_19_k_2.eps>
(epstopdf)                    date: 2015-09-16 10:55:32
(epstopdf)                    size: 187283 bytes
(epstopdf)             Output file: <math609_pa1_comp_example_1_n_19_k_2-eps-co
nverted-to.pdf>
(epstopdf)                    date: 2015-09-16 11:20:10
(epstopdf)                    size: 7858 bytes
(epstopdf)             Command: <epstopdf --outfile=math609_pa1_comp_example_1_
n_19_k_2-eps-converted-to.pdf math609_pa1_comp_example_1_n_19_k_2.eps>
(epstopdf)             \includegraphics on input line 86.
Package epstopdf Info: Output file is already uptodate.

<math609_pa1_comp_example_1_n_19_k_2-eps-converted-to.pdf, id=16, 488.82625pt x
 400.49625pt>
File: math609_pa1_comp_example_1_n_19_k_2-eps-converted-to.pdf Graphic file (ty
pe pdf)
 <use math609_pa1_comp_example_1_n_19_k_2-eps-converted-to.pdf>
Package pdftex.def Info: math609_pa1_comp_example_1_n_19_k_2-eps-converted-to.p
df used on input line 86.
(pdftex.def)             Requested size: 289.07999pt x 236.84685pt.
Package epstopdf Info: Source file: <math609_pa1_comp_example_1_n_19_k_2.eps>
(epstopdf)                    date: 2015-09-16 10:55:32
(epstopdf)                    size: 187283 bytes
(epstopdf)             Output file: <math609_pa1_comp_example_1_n_19_k_2-eps-co
nverted-to.pdf>
(epstopdf)                    date: 2015-09-16 11:20:10
(epstopdf)                    size: 7858 bytes
(epstopdf)             Command: <epstopdf --outfile=math609_pa1_comp_example_1_
n_19_k_2-eps-converted-to.pdf math609_pa1_comp_example_1_n_19_k_2.eps>
(epstopdf)             \includegraphics on input line 93.
Package epstopdf Info: Output file is already uptodate.
File: math609_pa1_comp_example_1_n_19_k_2-eps-converted-to.pdf Graphic file (ty
pe pdf)

<use math609_pa1_comp_example_1_n_19_k_2-eps-converted-to.pdf>
Package pdftex.def Info: math609_pa1_comp_example_1_n_19_k_2-eps-converted-to.p
df used on input line 93.
(pdftex.def)             Requested size: 289.07999pt x 236.84685pt.
Package epstopdf Info: Source file: <math609_pa1_comp_example_1_n_79_k_1000.eps
>
(epstopdf)                    date: 2015-09-16 10:55:56
(epstopdf)                    size: 204288 bytes
(epstopdf)             Output file: <math609_pa1_comp_example_1_n_79_k_1000-eps
-converted-to.pdf>
(epstopdf)                    date: 2015-09-16 11:20:10
(epstopdf)                    size: 11038 bytes
(epstopdf)             Command: <epstopdf --outfile=math609_pa1_comp_example_1_
n_79_k_1000-eps-converted-to.pdf math609_pa1_comp_example_1_n_79_k_1000.eps>
(epstopdf)             \includegraphics on input line 100.
Package epstopdf Info: Output file is already uptodate.

<math609_pa1_comp_example_1_n_79_k_1000-eps-converted-to.pdf, id=17, 488.82625p
t x 400.49625pt>
File: math609_pa1_comp_example_1_n_79_k_1000-eps-converted-to.pdf Graphic file 
(type pdf)

<use math609_pa1_comp_example_1_n_79_k_1000-eps-converted-to.pdf>
Package pdftex.def Info: math609_pa1_comp_example_1_n_79_k_1000-eps-converted-t
o.pdf used on input line 100.
(pdftex.def)             Requested size: 289.07999pt x 236.84685pt.
Package epstopdf Info: Source file: <math609_pa1_comp_example_2_n_20.eps>
(epstopdf)                    date: 2015-09-16 10:58:11
(epstopdf)                    size: 185177 bytes
(epstopdf)             Output file: <math609_pa1_comp_example_2_n_20-eps-conver
ted-to.pdf>
(epstopdf)                    date: 2015-09-16 11:25:59
(epstopdf)                    size: 6694 bytes
(epstopdf)             Command: <epstopdf --outfile=math609_pa1_comp_example_2_
n_20-eps-converted-to.pdf math609_pa1_comp_example_2_n_20.eps>
(epstopdf)             \includegraphics on input line 109.
Package epstopdf Info: Output file is already uptodate.

<math609_pa1_comp_example_2_n_20-eps-converted-to.pdf, id=18, 477.785pt x 375.4
025pt>
File: math609_pa1_comp_example_2_n_20-eps-converted-to.pdf Graphic file (type p
df)
 <use math609_pa1_comp_example_2_n_20-eps-converted-to.pdf>
Package pdftex.def Info: math609_pa1_comp_example_2_n_20-eps-converted-to.pdf u
sed on input line 109.
(pdftex.def)             Requested size: 289.07999pt x 227.13353pt.
 [2 <./math609_pa1_comp_example_1_n_19-eps-converted-to.pdf> <./math609_pa1_com
p_example_1_n_39-eps-converted-to.pdf>]
Package epstopdf Info: Source file: <math609_pa1_comp_example_2_n_40.eps>
(epstopdf)                    date: 2015-09-16 10:57:55
(epstopdf)                    size: 189798 bytes
(epstopdf)             Output file: <math609_pa1_comp_example_2_n_40-eps-conver
ted-to.pdf>
(epstopdf)                    date: 2015-09-16 11:25:59
(epstopdf)                    size: 8176 bytes
(epstopdf)             Command: <epstopdf --outfile=math609_pa1_comp_example_2_
n_40-eps-converted-to.pdf math609_pa1_comp_example_2_n_40.eps>
(epstopdf)             \includegraphics on input line 116.
Package epstopdf Info: Output file is already uptodate.

<math609_pa1_comp_example_2_n_40-eps-converted-to.pdf, id=40, 477.785pt x 375.4
025pt>
File: math609_pa1_comp_example_2_n_40-eps-converted-to.pdf Graphic file (type p
df)
 <use math609_pa1_comp_example_2_n_40-eps-converted-to.pdf>
Package pdftex.def Info: math609_pa1_comp_example_2_n_40-eps-converted-to.pdf u
sed on input line 116.
(pdftex.def)             Requested size: 289.07999pt x 227.13353pt.
Package epstopdf Info: Source file: <math609_pa1_comp_example_3_n_5.eps>
(epstopdf)                    date: 2015-09-16 11:01:02
(epstopdf)                    size: 98678 bytes
(epstopdf)             Output file: <math609_pa1_comp_example_3_n_5-eps-convert
ed-to.pdf>
(epstopdf)                    date: 2015-09-16 11:26:00
(epstopdf)                    size: 6095 bytes
(epstopdf)             Command: <epstopdf --outfile=math609_pa1_comp_example_3_
n_5-eps-converted-to.pdf math609_pa1_comp_example_3_n_5.eps>
(epstopdf)             \includegraphics on input line 125.
Package epstopdf Info: Output file is already uptodate.

<math609_pa1_comp_example_3_n_5-eps-converted-to.pdf, id=41, 366.36874pt x 389.
455pt>
File: math609_pa1_comp_example_3_n_5-eps-converted-to.pdf Graphic file (type pd
f)
 <use math609_pa1_comp_example_3_n_5-eps-converted-to.pdf>
Package pdftex.def Info: math609_pa1_comp_example_3_n_5-eps-converted-to.pdf us
ed on input line 125.
(pdftex.def)             Requested size: 289.07999pt x 307.31546pt.
Package epstopdf Info: Source file: <math609_pa1_comp_example_3_n_10.eps>
(epstopdf)                    date: 2015-09-16 11:01:12
(epstopdf)                    size: 118866 bytes
(epstopdf)             Output file: <math609_pa1_comp_example_3_n_10-eps-conver
ted-to.pdf>
(epstopdf)                    date: 2015-09-16 11:26:00
(epstopdf)                    size: 10235 bytes
(epstopdf)             Command: <epstopdf --outfile=math609_pa1_comp_example_3_
n_10-eps-converted-to.pdf math609_pa1_comp_example_3_n_10.eps>
(epstopdf)             \includegraphics on input line 132.
Package epstopdf Info: Output file is already uptodate.

<math609_pa1_comp_example_3_n_10-eps-converted-to.pdf, id=42, 369.38pt x 389.45
5pt>
File: math609_pa1_comp_example_3_n_10-eps-converted-to.pdf Graphic file (type p
df)
 <use math609_pa1_comp_example_3_n_10-eps-converted-to.pdf>
Package pdftex.def Info: math609_pa1_comp_example_3_n_10-eps-converted-to.pdf u
sed on input line 132.
(pdftex.def)             Requested size: 289.07999pt x 304.78986pt.
Package epstopdf Info: Source file: <math609_pa1_comp_example_3_n_15.eps>
(epstopdf)                    date: 2015-09-16 11:01:16
(epstopdf)                    size: 148430 bytes
(epstopdf)             Output file: <math609_pa1_comp_example_3_n_15-eps-conver
ted-to.pdf>
(epstopdf)                    date: 2015-09-16 11:26:01
(epstopdf)                    size: 15066 bytes
(epstopdf)             Command: <epstopdf --outfile=math609_pa1_comp_example_3_
n_15-eps-converted-to.pdf math609_pa1_comp_example_3_n_15.eps>
(epstopdf)             \includegraphics on input line 139.
Package epstopdf Info: Output file is already uptodate.

<math609_pa1_comp_example_3_n_15-eps-converted-to.pdf, id=43, 374.39874pt x 389
.455pt>
File: math609_pa1_comp_example_3_n_15-eps-converted-to.pdf Graphic file (type p
df)
 <use math609_pa1_comp_example_3_n_15-eps-converted-to.pdf>
Package pdftex.def Info: math609_pa1_comp_example_3_n_15-eps-converted-to.pdf u
sed on input line 139.
(pdftex.def)             Requested size: 289.07999pt x 300.71918pt.
Package epstopdf Info: Source file: <math609_pa1_comp_example_3_n_20.eps>
(epstopdf)                    date: 2015-09-16 11:00:11
(epstopdf)                    size: 191323 bytes
(epstopdf)             Output file: <math609_pa1_comp_example_3_n_20-eps-conver
ted-to.pdf>
(epstopdf)                    date: 2015-09-16 11:26:02
(epstopdf)                    size: 23050 bytes
(epstopdf)             Command: <epstopdf --outfile=math609_pa1_comp_example_3_
n_20-eps-converted-to.pdf math609_pa1_comp_example_3_n_20.eps>
(epstopdf)             \includegraphics on input line 146.
Package epstopdf Info: Output file is already uptodate.

<math609_pa1_comp_example_3_n_20-eps-converted-to.pdf, id=44, 369.38pt x 385.44
pt>
File: math609_pa1_comp_example_3_n_20-eps-converted-to.pdf Graphic file (type p
df)
 <use math609_pa1_comp_example_3_n_20-eps-converted-to.pdf>
Package pdftex.def Info: math609_pa1_comp_example_3_n_20-eps-converted-to.pdf u
sed on input line 146.
(pdftex.def)             Requested size: 289.07999pt x 301.64769pt.
Package epstopdf Info: Source file: <math609_pa1_comp_example_3_n_5_.eps>
(epstopdf)                    date: 2015-09-16 11:24:25
(epstopdf)                    size: 245770 bytes
(epstopdf)             Output file: <math609_pa1_comp_example_3_n_5_-eps-conver
ted-to.pdf>
(epstopdf)                    date: 2015-09-16 11:27:39
(epstopdf)                    size: 6616 bytes
(epstopdf)             Command: <epstopdf --outfile=math609_pa1_comp_example_3_
n_5_-eps-converted-to.pdf math609_pa1_comp_example_3_n_5_.eps>
(epstopdf)             \includegraphics on input line 153.
Package epstopdf Info: Output file is already uptodate.

<math609_pa1_comp_example_3_n_5_-eps-converted-to.pdf, id=45, 484.81125pt x 375
.4025pt>
File: math609_pa1_comp_example_3_n_5_-eps-converted-to.pdf Graphic file (type p
df)
 <use math609_pa1_comp_example_3_n_5_-eps-converted-to.pdf>
Package pdftex.def Info: math609_pa1_comp_example_3_n_5_-eps-converted-to.pdf u
sed on input line 153.
(pdftex.def)             Requested size: 289.07999pt x 223.85129pt.
Package epstopdf Info: Source file: <math609_pa1_comp_example_3_n_10_.eps>
(epstopdf)                    date: 2015-09-16 11:24:31
(epstopdf)                    size: 160660 bytes
(epstopdf)             Output file: <math609_pa1_comp_example_3_n_10_-eps-conve
rted-to.pdf>
(epstopdf)                    date: 2015-09-16 11:27:40
(epstopdf)                    size: 6378 bytes
(epstopdf)             Command: <epstopdf --outfile=math609_pa1_comp_example_3_
n_10_-eps-converted-to.pdf math609_pa1_comp_example_3_n_10_.eps>
(epstopdf)             \includegraphics on input line 160.
Package epstopdf Info: Output file is already uptodate.

<math609_pa1_comp_example_3_n_10_-eps-converted-to.pdf, id=46, 477.785pt x 390.
45876pt>
File: math609_pa1_comp_example_3_n_10_-eps-converted-to.pdf Graphic file (type 
pdf)
 <use math609_pa1_comp_example_3_n_10_-eps-converted-to.pdf>
Package pdftex.def Info: math609_pa1_comp_example_3_n_10_-eps-converted-to.pdf 
used on input line 160.
(pdftex.def)             Requested size: 289.07999pt x 236.24316pt.
Package epstopdf Info: Source file: <math609_pa1_comp_example_3_n_15_.eps>
(epstopdf)                    date: 2015-09-16 11:24:20
(epstopdf)                    size: 156779 bytes
(epstopdf)             Output file: <math609_pa1_comp_example_3_n_15_-eps-conve
rted-to.pdf>
(epstopdf)                    date: 2015-09-16 11:27:40
(epstopdf)                    size: 5487 bytes
(epstopdf)             Command: <epstopdf --outfile=math609_pa1_comp_example_3_
n_15_-eps-converted-to.pdf math609_pa1_comp_example_3_n_15_.eps>
(epstopdf)             \includegraphics on input line 167.
Package epstopdf Info: Output file is already uptodate.

<math609_pa1_comp_example_3_n_15_-eps-converted-to.pdf, id=47, 477.785pt x 390.
45876pt>
File: math609_pa1_comp_example_3_n_15_-eps-converted-to.pdf Graphic file (type 
pdf)
 <use math609_pa1_comp_example_3_n_15_-eps-converted-to.pdf>
Package pdftex.def Info: math609_pa1_comp_example_3_n_15_-eps-converted-to.pdf 
used on input line 167.
(pdftex.def)             Requested size: 289.07999pt x 236.24316pt.
Package epstopdf Info: Source file: <math609_pa1_comp_example_3_n_20_.eps>
(epstopdf)                    date: 2015-09-16 11:24:35
(epstopdf)                    size: 162720 bytes
(epstopdf)             Output file: <math609_pa1_comp_example_3_n_20_-eps-conve
rted-to.pdf>
(epstopdf)                    date: 2015-09-16 11:27:41
(epstopdf)                    size: 6253 bytes
(epstopdf)             Command: <epstopdf --outfile=math609_pa1_comp_example_3_
n_20_-eps-converted-to.pdf math609_pa1_comp_example_3_n_20_.eps>
(epstopdf)             \includegraphics on input line 174.
Package epstopdf Info: Output file is already uptodate.

<math609_pa1_comp_example_3_n_20_-eps-converted-to.pdf, id=48, 477.785pt x 390.
45876pt>
File: math609_pa1_comp_example_3_n_20_-eps-converted-to.pdf Graphic file (type 
pdf)
 <use math609_pa1_comp_example_3_n_20_-eps-converted-to.pdf>
Package pdftex.def Info: math609_pa1_comp_example_3_n_20_-eps-converted-to.pdf 
used on input line 174.
(pdftex.def)             Requested size: 289.07999pt x 236.24316pt.
 [3 <./math609_pa1_comp_example_1_n_79-eps-converted-to.pdf> <./math609_pa1_com
p_example_1_n_19_k_2-eps-converted-to.pdf>] [4 <./math609_pa1_comp_example_1_n_
79_k_1000-eps-converted-to.pdf>] [5 <./math609_pa1_comp_example_2_n_20-eps-conv
erted-to.pdf> <./math609_pa1_comp_example_2_n_40-eps-converted-to.pdf>] [6 <./m
ath609_pa1_comp_example_3_n_5-eps-converted-to.pdf>] [7 <./math609_pa1_comp_exa
mple_3_n_10-eps-converted-to.pdf>] [8 <./math609_pa1_comp_example_3_n_15-eps-co
nverted-to.pdf>] [9 <./math609_pa1_comp_example_3_n_20-eps-converted-to.pdf> <.
/math609_pa1_comp_example_3_n_5_-eps-converted-to.pdf>] [10 <./math609_pa1_comp
_example_3_n_10_-eps-converted-to.pdf> <./math609_pa1_comp_example_3_n_15_-eps-
converted-to.pdf>] [11 <./math609_pa1_comp_example_3_n_20_-eps-converted-to.pdf
>] (pa1.aux) ) 
Here is how much of TeX's memory you used:
 1548 strings out of 493698
 24871 string characters out of 3144409
 80619 words of memory out of 3000000
 4874 multiletter control sequences out of 15000+200000
 6441 words of font info for 23 fonts, out of 3000000 for 9000
 1025 hyphenation exceptions out of 8191
 42i,5n,23p,342b,259s stack positions out of 5000i,500n,10000p,200000b,50000s
<C:/Program Files/MiKTeX 2.9/fonts/type1/public/amsfonts/cm/cmbx1
2.pfb><C:/Program Files/MiKTeX 2.9/fonts/type1/public/amsfonts/cm/cmr10.pfb><C:
/Program Files/MiKTeX 2.9/fonts/type1/public/amsfonts/cm/cmr12.pfb><C:/Program 
Files/MiKTeX 2.9/fonts/type1/public/amsfonts/cm/cmr17.pfb><C:/Program Files/MiK
TeX 2.9/fonts/type1/public/amsfonts/cm/cmti12.pfb>
Output written on pa1.pdf (12 pages, 188255 bytes).
PDF statistics:
 203 PDF objects out of 1000 (max. 8388607)
 0 named destinations out of 1000 (max. 500000)
 76 words of extra memory for PDF output out of 10000 (max. 10000000)

