This is pdfTeX, Version 3.14159265-2.6-1.40.16 (MiKTeX 2.9 64-bit) (preloaded format=pdflatex 2015.10.29)  3 NOV 2015 16:08
entering extended mode
**"D:/Users/LATEX/MATH 609/PA4/math609_pa4_example_3.tex"
("D:/Users/LATEX/MATH 609/PA4/math609_pa4_example_3.tex"
LaTeX2e <2015/10/01> patch level 1
Babel <3.9m> and hyphenation patterns for 69 languages loaded.
! Undefined control sequence.
l.7 \definecolor
                {mycolor1}{rgb}{1.00000,0.00000,1.00000}%
? 
! Emergency stop.
l.7 \definecolor
                {mycolor1}{rgb}{1.00000,0.00000,1.00000}%
End of file on the terminal!

 
Here is how much of TeX's memory you used:
 7 strings out of 493636
 243 string characters out of 3143752
 52602 words of memory out of 10000000
 3491 multiletter control sequences out of 15000+200000
 3640 words of font info for 14 fonts, out of 3000000 for 9000
 1025 hyphenation exceptions out of 8191
 5i,0n,1p,143b,8s stack positions out of 5000i,500n,10000p,200000b,50000s
!  ==> Fatal error occurred, no output PDF file produced!
